<?xml version="1.0" encoding="UTF-8"?>
<!-- Generated by org.testng.reporters.JUnitReportReporter -->
<testsuite hostname="Meovalu" failures="0" tests="2" name="testCases.TC002_AddToCart" time="15.406" errors="0" timestamp="2024-12-21T11:46:49 GMT+07:00" skipped="0">
  <testcase classname="testCases.TC002_AddToCart" name="verifyLogin" time="10.401"/>
  <system-out/>
  <testcase classname="testCases.TC002_AddToCart" name="verifyLogin" time="5.005"/>
  <system-out/>
</testsuite> <!-- testCases.TC002_AddToCart -->
