<?xml version="1.0" encoding="UTF-8"?>
<!-- Generated by org.testng.reporters.JUnitReportReporter -->
<testsuite hostname="Meovalu" failures="0" tests="1" name="testCases.TC001_LoginTest" time="0.717" errors="0" timestamp="2024-12-21T16:10:08 GMT+07:00" skipped="0">
  <testcase classname="testCases.TC001_LoginTest" name="verifyLogin" time="0.717"/>
</testsuite> <!-- testCases.TC001_LoginTest -->
