<?xml version="1.0" encoding="UTF-8"?>
<!-- Generated by org.testng.reporters.JUnitReportReporter -->
<testsuite hostname="Meovalu" failures="0" tests="1" name="testCases.TC002_AddToCart" time="0.815" errors="0" timestamp="2024-12-21T16:10:08 GMT+07:00" skipped="0">
  <testcase classname="testCases.TC002_AddToCart" name="verifyLogin" time="0.815"/>
</testsuite> <!-- testCases.TC002_AddToCart -->
